<?xml version="1.0" encoding="UTF-8"?>
<!-- Generated by org.testng.reporters.JUnitXMLReporter -->
<testsuite ignored="0" hostname="LAPTOP-PR7TAUIP" failures="1" tests="1" name="Test" time="23.981" errors="0" timestamp="19 May 2018 01:46:01 GMT">
  <testcase classname="autoIT.composeEmail" name="composeEmailwithAttachment" time="11.972">
    <failure type="org.openqa.selenium.TimeoutException" message="Expected condition failed: waiting for title to contain &amp;quot;Inbox&amp;quot;. Current title: &amp;quot;Gmail&amp;quot; (tried for 10 second(s) with 500 MILLISECONDS interval)
Build info: version: &amp;apos;3.4.0&amp;apos;, revision: &amp;apos;unknown&amp;apos;, time: &amp;apos;unknown&amp;apos;
System info: host: &amp;apos;LAPTOP-PR7TAUIP&amp;apos;, ip: &amp;apos;192.168.0.12&amp;apos;, os.name: &amp;apos;Windows 10&amp;apos;, os.arch: &amp;apos;amd64&amp;apos;, os.version: &amp;apos;10.0&amp;apos;, java.version: &amp;apos;9.0.4&amp;apos;
Driver info: org.openqa.selenium.chrome.ChromeDriver
Capabilities [{applicationCacheEnabled=false, rotatable=false, mobileEmulationEnabled=false, networkConnectionEnabled=false, chrome={chromedriverVersion=2.37.544315 (730aa6a5fdba159ac9f4c1e8cbc59bf1b5ce12b7), userDataDir=C:\WINDOWS\TEMP\scoped_dir2556_11894}, takesHeapSnapshot=true, pageLoadStrategy=normal, databaseEnabled=false, handlesAlerts=true, hasTouchScreen=false, version=66.0.3359.139, platform=XP, browserConnectionEnabled=false, nativeEvents=true, acceptSslCerts=false, acceptInsecureCerts=false, locationContextEnabled=true, webStorageEnabled=true, browserName=chrome, takesScreenshot=true, javascriptEnabled=true, cssSelectorsEnabled=true, setWindowRect=true, unexpectedAlertBehaviour=}]
Session ID: 2e088f22ec78a2f90d5c0c4ba318aef5">
      <![CDATA[org.openqa.selenium.TimeoutException: Expected condition failed: waiting for title to contain "Inbox". Current title: "Gmail" (tried for 10 second(s) with 500 MILLISECONDS interval)Build info: version: '3.4.0', revision: 'unknown', time: 'unknown'System info: host: 'LAPTOP-PR7TAUIP', ip: '192.168.0.12', os.name: 'Windows 10', os.arch: 'amd64', os.version: '10.0', java.version: '9.0.4'Driver info: org.openqa.selenium.chrome.ChromeDriverCapabilities [{applicationCacheEnabled=false, rotatable=false, mobileEmulationEnabled=false, networkConnectionEnabled=false, chrome={chromedriverVersion=2.37.544315 (730aa6a5fdba159ac9f4c1e8cbc59bf1b5ce12b7), userDataDir=C:\WINDOWS\TEMP\scoped_dir2556_11894}, takesHeapSnapshot=true, pageLoadStrategy=normal, databaseEnabled=false, handlesAlerts=true, hasTouchScreen=false, version=66.0.3359.139, platform=XP, browserConnectionEnabled=false, nativeEvents=true, acceptSslCerts=false, acceptInsecureCerts=false, locationContextEnabled=true, webStorageEnabled=true, browserName=chrome, takesScreenshot=true, javascriptEnabled=true, cssSelectorsEnabled=true, setWindowRect=true, unexpectedAlertBehaviour=}]Session ID: 2e088f22ec78a2f90d5c0c4ba318aef5at org.openqa.selenium.support.ui.WebDriverWait.timeoutException(WebDriverWait.java:80)at org.openqa.selenium.support.ui.FluentWait.until(FluentWait.java:232)at autoIT.composeEmail.composeEmailwithAttachment(composeEmail.java:54)... Removed 24 stack frames]]>
    </failure>
  </testcase> <!-- composeEmailwithAttachment -->
</testsuite> <!-- Test -->
