<?xml version="1.0" encoding="UTF-8"?>
<testng-results ignored="0" total="1" passed="1" failed="0" skipped="0">
  <reporter-output>
  </reporter-output>
  <suite started-at="2018-05-19T02:08:36Z" name="Default suite" finished-at="2018-05-19T02:08:44Z" duration-ms="7809">
    <groups>
    </groups>
    <test started-at="2018-05-19T02:08:36Z" name="Default test" finished-at="2018-05-19T02:08:44Z" duration-ms="7809">
      <class name="GIT.gitDemo">
        <test-method signature="gitoutput()[pri:0, instance:GIT.gitDemo@169e6180]" started-at="2018-05-19T02:08:36Z" name="gitoutput" finished-at="2018-05-19T02:08:44Z" duration-ms="7772" status="PASS">
          <reporter-output>
          </reporter-output>
        </test-method> <!-- gitoutput -->
      </class> <!-- GIT.gitDemo -->
    </test> <!-- Default test -->
  </suite> <!-- Default suite -->
</testng-results>
