<?xml version="1.0" encoding="UTF-8"?>
<testng-results ignored="0" total="1" passed="1" failed="0" skipped="0">
  <reporter-output>
  </reporter-output>
  <suite started-at="2018-05-17T21:08:11Z" name="Suite" finished-at="2018-05-17T21:08:11Z" duration-ms="47">
    <groups>
    </groups>
    <test started-at="2018-05-17T21:08:11Z" name="Test" finished-at="2018-05-17T21:08:11Z" duration-ms="47">
      <class name="Log4j.LoggerDemo">
        <test-method is-config="true" signature="loggerDebug()[pri:0, instance:Log4j.LoggerDemo@5ba3f27a]" started-at="2018-05-17T17:08:11Z" name="loggerDebug" finished-at="2018-05-17T17:08:11Z" duration-ms="25" status="PASS">
          <reporter-output>
          </reporter-output>
        </test-method> <!-- loggerDebug -->
        <test-method signature="loggerdemo()[pri:0, instance:Log4j.LoggerDemo@5ba3f27a]" started-at="2018-05-17T17:08:11Z" name="loggerdemo" finished-at="2018-05-17T17:08:11Z" duration-ms="0" status="PASS">
          <reporter-output>
          </reporter-output>
        </test-method> <!-- loggerdemo -->
      </class> <!-- Log4j.LoggerDemo -->
    </test> <!-- Test -->
  </suite> <!-- Suite -->
</testng-results>
